import logging
import os
from config import LOG_DIR, BOT_LOG_FILE

# create the log directory if it doesn't exist
if not os.path.exists(LOG_DIR):
    os.makedirs(LOG_DIR)

# set up logging
logger = logging.getLogger(__name__)
logger.setLevel(logging.INFO)

# create a file handler
handler = logging.FileHandler(BOT_LOG_FILE)
handler.setLevel(logging.INFO)

# create a logging format
formatter = logging.Formatter('%(asctime)s - %(name)s - %(levelname)s - %(message)s')
handler.setFormatter(formatter)

# add the handler to the logger
logger.addHandler(handler)

# example usage
logger.info("Bot started")
logger.info("Tweet found: '%s'", tweet_text)
logger.info("Replied to '%s' with message: '%s'", user, reply_message)
