import logging
import os
from config import LOG_DIR, ERROR_LOG_FILE

# create the log directory if it doesn't exist
if not os.path.exists(LOG_DIR):
    os.makedirs(LOG_DIR)

# set up logging
logger = logging.getLogger(__name__)
logger.setLevel(logging.ERROR)

# create a file handler
handler = logging.FileHandler(ERROR_LOG_FILE)
handler.setLevel(logging.ERROR)

# create a logging format
formatter = logging.Formatter('%(asctime)s - %(name)s - %(levelname)s - %(message)s')
handler.setFormatter(formatter)

# add the handler to the logger
logger.addHandler(handler)

# example usage
try:
    # some code that might raise an exception
    raise Exception("Some error message")
except Exception as e:
    logger.error("Error: %s", e)
